<?xml version="1.0" encoding="UTF-8"?>
<testng-results ignored="0" total="3" passed="3" failed="0" skipped="0">
  <reporter-output>
  </reporter-output>
  <suite started-at="2024-03-06T16:21:47 IST" name="Default suite" finished-at="2024-03-06T16:21:54 IST" duration-ms="7739">
    <groups>
    </groups>
    <test started-at="2024-03-06T16:21:47 IST" name="Default test" finished-at="2024-03-06T16:21:54 IST" duration-ms="7739">
      <class name="trelloApiAutomation.ApiRequests">
        <test-method signature="createBoard()[pri:0, instance:trelloApiAutomation.ApiRequests@78123e82]" started-at="2024-03-06T16:21:47 IST" name="createBoard" finished-at="2024-03-06T16:21:53 IST" duration-ms="6180" status="PASS">
          <reporter-output>
          </reporter-output>
        </test-method> <!-- createBoard -->
        <test-method signature="getRequest()[pri:1, instance:trelloApiAutomation.ApiRequests@78123e82]" started-at="2024-03-06T16:21:53 IST" name="getRequest" finished-at="2024-03-06T16:21:54 IST" duration-ms="909" status="PASS">
          <reporter-output>
          </reporter-output>
        </test-method> <!-- getRequest -->
        <test-method signature="putRequest()[pri:2, instance:trelloApiAutomation.ApiRequests@78123e82]" started-at="2024-03-06T16:21:54 IST" name="putRequest" finished-at="2024-03-06T16:21:54 IST" duration-ms="579" status="PASS">
          <reporter-output>
          </reporter-output>
        </test-method> <!-- putRequest -->
      </class> <!-- trelloApiAutomation.ApiRequests -->
    </test> <!-- Default test -->
  </suite> <!-- Default suite -->
</testng-results>
