<?xml version="1.0" encoding="UTF-8"?>
<testng-results ignored="0" total="4" passed="4" failed="0" skipped="0">
  <reporter-output>
  </reporter-output>
  <suite started-at="2023-12-19T17:26:14 IST" name="Default suite" finished-at="2023-12-19T17:26:23 IST" duration-ms="9343">
    <groups>
    </groups>
    <test started-at="2023-12-19T17:26:14 IST" name="Default test" finished-at="2023-12-19T17:26:23 IST" duration-ms="9343">
      <class name="trelloApiAutomation.ApiRequests">
        <test-method signature="createBoard()[pri:0, instance:trelloApiAutomation.ApiRequests@3c73951]" started-at="2023-12-19T17:26:14 IST" name="createBoard" finished-at="2023-12-19T17:26:21 IST" duration-ms="6791" status="PASS">
          <reporter-output>
          </reporter-output>
        </test-method> <!-- createBoard -->
        <test-method signature="getRequest()[pri:1, instance:trelloApiAutomation.ApiRequests@3c73951]" started-at="2023-12-19T17:26:21 IST" name="getRequest" finished-at="2023-12-19T17:26:21 IST" duration-ms="560" status="PASS">
          <reporter-output>
          </reporter-output>
        </test-method> <!-- getRequest -->
        <test-method signature="putRequest()[pri:2, instance:trelloApiAutomation.ApiRequests@3c73951]" started-at="2023-12-19T17:26:21 IST" name="putRequest" finished-at="2023-12-19T17:26:22 IST" duration-ms="502" status="PASS">
          <reporter-output>
          </reporter-output>
        </test-method> <!-- putRequest -->
        <test-method signature="deleteRequest()[pri:3, instance:trelloApiAutomation.ApiRequests@3c73951]" started-at="2023-12-19T17:26:22 IST" name="deleteRequest" finished-at="2023-12-19T17:26:23 IST" duration-ms="1396" status="PASS">
          <reporter-output>
          </reporter-output>
        </test-method> <!-- deleteRequest -->
      </class> <!-- trelloApiAutomation.ApiRequests -->
    </test> <!-- Default test -->
  </suite> <!-- Default suite -->
</testng-results>
