<?xml version="1.0" encoding="UTF-8"?>
<testng-results ignored="0" total="1" passed="1" failed="0" skipped="0">
  <reporter-output>
  </reporter-output>
  <suite started-at="2024-01-24T12:32:58 IST" name="Default suite" finished-at="2024-01-24T12:33:03 IST" duration-ms="4547">
    <groups>
    </groups>
    <test started-at="2024-01-24T12:32:58 IST" name="Default test" finished-at="2024-01-24T12:33:03 IST" duration-ms="4547">
      <class name="MyTests.BrokenLinks">
        <test-method signature="FetchBrokenLinks()[pri:0, instance:MyTests.BrokenLinks@727eb8cb]" started-at="2024-01-24T12:32:59 IST" name="FetchBrokenLinks" finished-at="2024-01-24T12:33:03 IST" duration-ms="4328" status="PASS">
          <reporter-output>
          </reporter-output>
        </test-method> <!-- FetchBrokenLinks -->
      </class> <!-- MyTests.BrokenLinks -->
    </test> <!-- Default test -->
  </suite> <!-- Default suite -->
</testng-results>
