<?xml version="1.0" encoding="UTF-8"?>
<testng-results ignored="0" total="1" passed="1" failed="0" skipped="0">
  <reporter-output>
  </reporter-output>
  <suite started-at="2023-12-27T22:40:24 IST" name="Suite" finished-at="2023-12-27T22:41:12 IST" duration-ms="47811">
    <groups>
    </groups>
    <test started-at="2023-12-27T22:40:24 IST" name="LoginTest" finished-at="2023-12-27T22:41:12 IST" duration-ms="47811">
      <class name="MyTests.HomePageTest">
        <test-method is-config="true" signature="setUp(java.lang.String)[pri:0, instance:MyTests.HomePageTest@1672fe87]" started-at="2023-12-27T22:40:24 IST" name="setUp" finished-at="2023-12-27T22:40:40 IST" duration-ms="15979" status="PASS">
          <params>
            <param index="0">
              <value>
                <![CDATA[chrome]]>
              </value>
            </param>
          </params>
          <reporter-output>
          </reporter-output>
        </test-method> <!-- setUp -->
        <test-method signature="storeDropDownQualificationsValues()[pri:0, instance:MyTests.HomePageTest@1672fe87]" started-at="2023-12-27T22:40:40 IST" name="storeDropDownQualificationsValues" finished-at="2023-12-27T22:41:11 IST" duration-ms="31353" status="PASS">
          <reporter-output>
          </reporter-output>
        </test-method> <!-- storeDropDownQualificationsValues -->
        <test-method is-config="true" signature="closeBrowser()[pri:0, instance:MyTests.HomePageTest@1672fe87]" started-at="2023-12-27T22:41:11 IST" name="closeBrowser" finished-at="2023-12-27T22:41:12 IST" duration-ms="217" status="PASS">
          <reporter-output>
          </reporter-output>
        </test-method> <!-- closeBrowser -->
      </class> <!-- MyTests.HomePageTest -->
    </test> <!-- LoginTest -->
  </suite> <!-- Suite -->
</testng-results>
