<?xml version="1.0" encoding="UTF-8"?>
<!-- Generated by org.testng.reporters.JUnitXMLReporter -->
<testsuite ignored="0" hostname="DESKTOP-36RDLQI" failures="0" tests="3" name="Default test" time="7.739" errors="0" timestamp="2024-03-06T16:21:55 IST">
  <testcase classname="trelloApiAutomation.ApiRequests" name="createBoard" time="6.18"/>
  <testcase classname="trelloApiAutomation.ApiRequests" name="getRequest" time="0.909"/>
  <testcase classname="trelloApiAutomation.ApiRequests" name="putRequest" time="0.579"/>
</testsuite> <!-- Default test -->
