<?xml version="1.0" encoding="UTF-8"?>
<!-- Generated by org.testng.reporters.JUnitXMLReporter -->
<testsuite ignored="0" hostname="DESKTOP-A9NLC4L" failures="0" tests="4" name="Default test" time="9.343" errors="0" timestamp="2023-12-19T17:26:23 IST">
  <testcase classname="trelloApiAutomation.ApiRequests" name="createBoard" time="6.791"/>
  <testcase classname="trelloApiAutomation.ApiRequests" name="getRequest" time="0.56"/>
  <testcase classname="trelloApiAutomation.ApiRequests" name="putRequest" time="0.502"/>
  <testcase classname="trelloApiAutomation.ApiRequests" name="deleteRequest" time="1.396"/>
</testsuite> <!-- Default test -->
